StylistPark/SP/build/outputs/logs/manifest-merger-debug-report.txt
-- Merging decision tree log ---
manifest
ADDED from src\main\AndroidManifest.xml:2:1-318:12
	xmlns:android
		ADDED from src\main\AndroidManifest.xml:2:11-69
	package
		ADDED from src\main\AndroidManifest.xml:3:5-37
		INJECTED from src\main\AndroidManifest.xml
		INJECTED from src\main\AndroidManifest.xml
	android:versionName
		ADDED from src\main\AndroidManifest.xml:5:5-32
		INJECTED from src\main\AndroidManifest.xml
		INJECTED from src\main\AndroidManifest.xml
	android:versionCode
		ADDED from src\main\AndroidManifest.xml:4:5-28
		INJECTED from src\main\AndroidManifest.xml
		INJECTED from src\main\AndroidManifest.xml
uses-sdk
ADDED from src\main\AndroidManifest.xml:7:5-9:41
MERGED from [StylistPark:weiboSDK:unspecified] AndroidManifest.xml:7:5-9:40
MERGED from [StylistPark:rangeBar:unspecified] AndroidManifest.xml:7:5-9:41
MERGED from [StylistPark:PushSDK:unspecified] AndroidManifest.xml:8:5-10:41
MERGED from [com.facebook.android:facebook-android-sdk:4.10.1] AndroidManifest.xml:24:5-26:41
MERGED from [com.android.support:support-v4:23.2.0] AndroidManifest.xml:20:5-43
MERGED from [com.android.support:cardview-v7:23.2.0] AndroidManifest.xml:20:5-43
MERGED from [com.linsea:universalvideoview:1.0.2] AndroidManifest.xml:7:5-9:41
MERGED from [:PayPalAndroidSDK-2.14.4:] AndroidManifest.xml:5:5-7:41
	android:targetSdkVersion
		ADDED from src\main\AndroidManifest.xml:9:9-38
		INJECTED from src\main\AndroidManifest.xml
		INJECTED from src\main\AndroidManifest.xml
	android:minSdkVersion
		ADDED from src\main\AndroidManifest.xml:8:9-35
		INJECTED from src\main\AndroidManifest.xml
		INJECTED from src\main\AndroidManifest.xml
uses-permission#android.permission.CAMERA
ADDED from src\main\AndroidManifest.xml:11:5-65
	android:name
		ADDED from src\main\AndroidManifest.xml:11:22-62
uses-permission#android.permission.VIBRATE
ADDED from src\main\AndroidManifest.xml:12:5-66
MERGED from [StylistPark:PushSDK:unspecified] AndroidManifest.xml:34:5-66
	android:name
		ADDED from src\main\AndroidManifest.xml:12:22-63
uses-permission#android.permission.CALL_PHONE
ADDED from src\main\AndroidManifest.xml:13:5-69
	android:name
		ADDED from src\main\AndroidManifest.xml:13:22-66
uses-permission#android.permission.INTERNET
ADDED from src\main\AndroidManifest.xml:14:5-67
MERGED from [StylistPark:PushSDK:unspecified] AndroidManifest.xml:14:5-67
MERGED from [:PayPalAndroidSDK-2.14.4:] AndroidManifest.xml:10:5-67
	android:name
		ADDED from src\main\AndroidManifest.xml:14:22-64
uses-permission#android.permission.READ_EXTERNAL_STORAGE
ADDED from src\main\AndroidManifest.xml:15:5-80
	android:name
		ADDED from src\main\AndroidManifest.xml:15:22-77
uses-permission#android.permission.WRITE_EXTERNAL_STORAGE
ADDED from src\main\AndroidManifest.xml:16:2-78
MERGED from [StylistPark:PushSDK:unspecified] AndroidManifest.xml:17:5-81
	android:name
		ADDED from src\main\AndroidManifest.xml:16:19-75
uses-permission#android.permission.WRITE_INTERNAL_STORAGE
ADDED from src\main\AndroidManifest.xml:17:5-80
	android:name
		ADDED from src\main\AndroidManifest.xml:17:22-78
uses-permission#android.permission.READ_INTERNAL_STORAGE
ADDED from src\main\AndroidManifest.xml:18:2-76
	android:name
		ADDED from src\main\AndroidManifest.xml:18:19-74
uses-permission#android.permission.ACCESS_WIFI_STATE
ADDED from src\main\AndroidManifest.xml:19:2-73
MERGED from [StylistPark:PushSDK:unspecified] AndroidManifest.xml:16:5-76
	android:name
		ADDED from src\main\AndroidManifest.xml:19:19-70
uses-permission#android.permission.ACCESS_NETWORK_STATE
ADDED from src\main\AndroidManifest.xml:20:5-79
MERGED from [StylistPark:PushSDK:unspecified] AndroidManifest.xml:15:5-79
MERGED from [:PayPalAndroidSDK-2.14.4:] AndroidManifest.xml:9:5-79
	android:name
		ADDED from src\main\AndroidManifest.xml:20:22-76
uses-permission#android.permission.CHANGE_NETWORK_STATE
ADDED from src\main\AndroidManifest.xml:21:5-79
MERGED from [StylistPark:PushSDK:unspecified] AndroidManifest.xml:20:5-79
	android:name
		ADDED from src\main\AndroidManifest.xml:21:22-76
uses-permission#android.permission.READ_PHONE_STATE
ADDED from src\main\AndroidManifest.xml:22:5-75
MERGED from [StylistPark:PushSDK:unspecified] AndroidManifest.xml:19:5-75
	android:name
		ADDED from src\main\AndroidManifest.xml:22:22-72
uses-permission#android.permission.NFC
ADDED from src\main\AndroidManifest.xml:23:5-62
	android:name
		ADDED from src\main\AndroidManifest.xml:23:22-59
uses-permission#android.permission.RECORD_AUDIO
ADDED from src\main\AndroidManifest.xml:24:5-71
	android:name
		ADDED from src\main\AndroidManifest.xml:24:22-68
uses-permission#android.permission.MODIFY_AUDIO_SETTINGS
ADDED from src\main\AndroidManifest.xml:25:5-80
	android:name
		ADDED from src\main\AndroidManifest.xml:25:22-77
uses-permission#org.simalliance.openmobileapi.SMARTCARD
ADDED from src\main\AndroidManifest.xml:26:5-79
	android:name
		ADDED from src\main\AndroidManifest.xml:26:22-76
uses-feature#android.hardware.nfc.hce
ADDED from src\main\AndroidManifest.xml:28:5-61
	android:name
		ADDED from src\main\AndroidManifest.xml:28:19-58
uses-feature#android.hardware.camera
ADDED from src\main\AndroidManifest.xml:29:5-60
	android:name
		ADDED from src\main\AndroidManifest.xml:29:19-57
uses-feature#android.hardware.camera.autofocus
ADDED from src\main\AndroidManifest.xml:30:5-70
	android:name
		ADDED from src\main\AndroidManifest.xml:30:19-67
application
ADDED from src\main\AndroidManifest.xml:32:5-316:19
MERGED from [StylistPark:main:unspecified] AndroidManifest.xml:22:5-23:19
MERGED from [StylistPark:PushSDK:unspecified] AndroidManifest.xml:39:5-158:19
MERGED from [com.facebook.android:facebook-android-sdk:4.10.1] AndroidManifest.xml:28:5-20
MERGED from [com.android.support:support-v4:23.2.0] AndroidManifest.xml:22:5-20
MERGED from [com.android.support:cardview-v7:23.2.0] AndroidManifest.xml:22:5-20
MERGED from [com.linsea:universalvideoview:1.0.2] AndroidManifest.xml:11:5-12:19
MERGED from [:PayPalAndroidSDK-2.14.4:] AndroidManifest.xml:12:5-26:19
	android:label
		ADDED from src\main\AndroidManifest.xml:36:9-41
	android:allowBackup
		ADDED from src\main\AndroidManifest.xml:34:9-35
	android:icon
		ADDED from src\main\AndroidManifest.xml:35:9-45
	android:theme
		ADDED from src\main\AndroidManifest.xml:37:9-62
	android:name
		ADDED from src\main\AndroidManifest.xml:33:9-39
activity#com.spshop.stylistpark.activity.SplashActivity
ADDED from src\main\AndroidManifest.xml:38:9-52:20
	android:screenOrientation
		ADDED from src\main\AndroidManifest.xml:41:13-49
	android:label
		ADDED from src\main\AndroidManifest.xml:42:13-45
	android:configChanges
		ADDED from src\main\AndroidManifest.xml:40:13-74
	android:name
		ADDED from src\main\AndroidManifest.xml:39:13-52
intent-filter#android.intent.action.MAIN+android.intent.category.LAUNCHER
ADDED from src\main\AndroidManifest.xml:43:13-46:29
action#android.intent.action.MAIN
ADDED from src\main\AndroidManifest.xml:44:17-69
	android:name
		ADDED from src\main\AndroidManifest.xml:44:25-66
category#android.intent.category.LAUNCHER
ADDED from src\main\AndroidManifest.xml:45:17-77
	android:name
		ADDED from src\main\AndroidManifest.xml:45:27-74
intent-filter#android.intent.action.VIEW+android.intent.category.DEFAULT
ADDED from src\main\AndroidManifest.xml:47:13-51:29
action#android.intent.action.VIEW
ADDED from src\main\AndroidManifest.xml:48:17-68
	android:name
		ADDED from src\main\AndroidManifest.xml:48:25-66
category#android.intent.category.DEFAULT
ADDED from src\main\AndroidManifest.xml:49:17-75
	android:name
		ADDED from src\main\AndroidManifest.xml:49:27-73
data
ADDED from src\main\AndroidManifest.xml:50:17-60
	android:scheme
		ADDED from src\main\AndroidManifest.xml:50:23-58
meta-data#UMENG_APPKEY
ADDED from src\main\AndroidManifest.xml:55:9-58:21
	android:name
		ADDED from src\main\AndroidManifest.xml:56:13-40
	android:value
		ADDED from src\main\AndroidManifest.xml:57:13-53
meta-data#UMENG_MESSAGE_SECRET
ADDED from src\main\AndroidManifest.xml:59:9-62:21
	android:name
		ADDED from src\main\AndroidManifest.xml:60:13-48
	android:value
		ADDED from src\main\AndroidManifest.xml:61:13-61
activity#com.alipay.sdk.app.H5PayActivity
ADDED from src\main\AndroidManifest.xml:65:9-70:70
	android:windowSoftInputMode
		ADDED from src\main\AndroidManifest.xml:70:13-67
	android:screenOrientation
		ADDED from src\main\AndroidManifest.xml:69:13-47
	android:configChanges
		ADDED from src\main\AndroidManifest.xml:67:13-85
	android:exported
		ADDED from src\main\AndroidManifest.xml:68:13-37
	android:name
		ADDED from src\main\AndroidManifest.xml:66:13-60
activity#com.alipay.sdk.auth.AuthActivity
ADDED from src\main\AndroidManifest.xml:71:9-76:20
	android:screenOrientation
		ADDED from src\main\AndroidManifest.xml:75:13-47
	android:configChanges
		ADDED from src\main\AndroidManifest.xml:73:13-74
	android:exported
		ADDED from src\main\AndroidManifest.xml:74:13-37
	android:name
		ADDED from src\main\AndroidManifest.xml:72:13-60
uses-library#org.simalliance.openmobileapi
ADDED from src\main\AndroidManifest.xml:80:9-82:39
	android:required
		ADDED from src\main\AndroidManifest.xml:82:13-37
	android:name
		ADDED from src\main\AndroidManifest.xml:81:13-57
activity#com.unionpay.uppay.PayActivity
ADDED from src\main\AndroidManifest.xml:83:9-89:58
	android:windowSoftInputMode
		ADDED from src\main\AndroidManifest.xml:89:13-55
	android:screenOrientation
		ADDED from src\main\AndroidManifest.xml:86:13-49
	android:label
		ADDED from src\main\AndroidManifest.xml:88:13-45
	android:configChanges
		ADDED from src\main\AndroidManifest.xml:85:13-74
	android:excludeFromRecents
		ADDED from src\main\AndroidManifest.xml:87:13-46
	android:name
		ADDED from src\main\AndroidManifest.xml:84:13-58
activity#com.unionpay.UPPayWapActivity
ADDED from src\main\AndroidManifest.xml:90:9-94:58
	android:windowSoftInputMode
		ADDED from src\main\AndroidManifest.xml:94:13-55
	android:screenOrientation
		ADDED from src\main\AndroidManifest.xml:93:13-49
	android:configChanges
		ADDED from src\main\AndroidManifest.xml:92:13-84
	android:name
		ADDED from src\main\AndroidManifest.xml:91:13-57
activity#com.tencent.tauth.AuthActivity
ADDED from src\main\AndroidManifest.xml:98:9-110:14
	android:screenOrientation
		ADDED from src\main\AndroidManifest.xml:101:13-49
	android:noHistory
		ADDED from src\main\AndroidManifest.xml:102:13-37
	android:configChanges
		ADDED from src\main\AndroidManifest.xml:100:13-74
	android:name
		ADDED from src\main\AndroidManifest.xml:99:4-49
	android:launchMode
		ADDED from src\main\AndroidManifest.xml:103:13-44
intent-filter#android.intent.action.VIEW+android.intent.category.BROWSABLE+android.intent.category.DEFAULT
ADDED from src\main\AndroidManifest.xml:104:4-109:20
category#android.intent.category.BROWSABLE
ADDED from src\main\AndroidManifest.xml:107:5-66
	android:name
		ADDED from src\main\AndroidManifest.xml:107:15-63
activity#com.tencent.connect.common.AssistActivity
ADDED from src\main\AndroidManifest.xml:111:9-114:52
	android:screenOrientation
		ADDED from src\main\AndroidManifest.xml:114:13-49
	android:configChanges
		ADDED from src\main\AndroidManifest.xml:113:4-65
	android:theme
		ADDED from src\main\AndroidManifest.xml:112:4-63
	android:name
		ADDED from src\main\AndroidManifest.xml:111:19-75
activity#com.sina.weibo.sdk.component.WeiboSdkBrowser
ADDED from src\main\AndroidManifest.xml:117:9-121:40
	android:windowSoftInputMode
		ADDED from src\main\AndroidManifest.xml:120:13-55
	android:screenOrientation
		ADDED from src\main\AndroidManifest.xml:119:13-49
	android:configChanges
		ADDED from src\main\AndroidManifest.xml:118:13-74
	android:exported
		ADDED from src\main\AndroidManifest.xml:121:13-37
	android:name
		ADDED from src\main\AndroidManifest.xml:117:19-78
activity#com.facebook.FacebookActivity
ADDED from src\main\AndroidManifest.xml:124:9-129:48
	android:screenOrientation
		ADDED from src\main\AndroidManifest.xml:127:13-49
	android:label
		ADDED from src\main\AndroidManifest.xml:129:13-45
	android:configChanges
		ADDED from src\main\AndroidManifest.xml:126:13-96
	android:theme
		ADDED from src\main\AndroidManifest.xml:128:13-72
	android:name
		ADDED from src\main\AndroidManifest.xml:125:13-57
meta-data#com.facebook.sdk.ApplicationId
ADDED from src\main\AndroidManifest.xml:130:9-133:21
	android:name
		ADDED from src\main\AndroidManifest.xml:131:13-58
	android:value
		ADDED from src\main\AndroidManifest.xml:132:13-46
activity#com.spshop.stylistpark.activity.BaseActivity
ADDED from src\main\AndroidManifest.xml:136:9-138:52
	android:screenOrientation
		ADDED from src\main\AndroidManifest.xml:138:13-49
	android:configChanges
		ADDED from src\main\AndroidManifest.xml:137:13-74
	android:name
		ADDED from src\main\AndroidManifest.xml:136:19-56
activity#com.spshop.stylistpark.activity.HomeFragmentActivity
ADDED from src\main\AndroidManifest.xml:140:9-144:48
	android:screenOrientation
		ADDED from src\main\AndroidManifest.xml:142:13-49
	android:configChanges
		ADDED from src\main\AndroidManifest.xml:141:13-74
	android:theme
		ADDED from src\main\AndroidManifest.xml:144:13-45
	android:name
		ADDED from src\main\AndroidManifest.xml:140:19-64
	android:launchMode
		ADDED from src\main\AndroidManifest.xml:143:13-44
activity#com.spshop.stylistpark.activity.category.CategoryActivity
ADDED from src\main\AndroidManifest.xml:146:9-149:47
	android:screenOrientation
		ADDED from src\main\AndroidManifest.xml:148:13-49
	android:configChanges
		ADDED from src\main\AndroidManifest.xml:147:13-74
	android:name
		ADDED from src\main\AndroidManifest.xml:146:19-69
	android:launchMode
		ADDED from src\main\AndroidManifest.xml:149:13-44
activity#com.spshop.stylistpark.activity.home.ProductListActivity
ADDED from src\main\AndroidManifest.xml:151:9-154:58
	android:windowSoftInputMode
		ADDED from src\main\AndroidManifest.xml:154:13-55
	android:screenOrientation
		ADDED from src\main\AndroidManifest.xml:153:13-49
	android:configChanges
		ADDED from src\main\AndroidManifest.xml:152:13-74
	android:name
		ADDED from src\main\AndroidManifest.xml:151:19-68
activity#com.spshop.stylistpark.activity.home.ProductDetailActivity
ADDED from src\main\AndroidManifest.xml:156:9-158:52
	android:screenOrientation
		ADDED from src\main\AndroidManifest.xml:158:13-49
	android:configChanges
		ADDED from src\main\AndroidManifest.xml:157:13-74
	android:name
		ADDED from src\main\AndroidManifest.xml:156:19-70
activity#com.spshop.stylistpark.activity.home.ScreenListActivity
ADDED from src\main\AndroidManifest.xml:160:9-162:52
	android:screenOrientation
		ADDED from src\main\AndroidManifest.xml:162:13-49
	android:configChanges
		ADDED from src\main\AndroidManifest.xml:161:13-74
	android:name
		ADDED from src\main\AndroidManifest.xml:160:19-67
activity#com.spshop.stylistpark.activity.common.ClipImageCircularActivity
ADDED from src\main\AndroidManifest.xml:164:9-166:52
	android:screenOrientation
		ADDED from src\main\AndroidManifest.xml:166:13-49
	android:configChanges
		ADDED from src\main\AndroidManifest.xml:165:13-74
	android:name
		ADDED from src\main\AndroidManifest.xml:164:19-76
activity#com.spshop.stylistpark.activity.common.ClipImageSquareActivity
ADDED from src\main\AndroidManifest.xml:168:9-170:52
	android:screenOrientation
		ADDED from src\main\AndroidManifest.xml:170:13-49
	android:configChanges
		ADDED from src\main\AndroidManifest.xml:169:13-74
	android:name
		ADDED from src\main\AndroidManifest.xml:168:19-74
activity#com.spshop.stylistpark.activity.common.ClipPhotoGridActivity
ADDED from src\main\AndroidManifest.xml:172:9-174:52
	android:screenOrientation
		ADDED from src\main\AndroidManifest.xml:174:13-49
	android:configChanges
		ADDED from src\main\AndroidManifest.xml:173:13-74
	android:name
		ADDED from src\main\AndroidManifest.xml:172:19-72
activity#com.spshop.stylistpark.activity.common.ClipPhotoOneActivity
ADDED from src\main\AndroidManifest.xml:176:9-178:52
	android:screenOrientation
		ADDED from src\main\AndroidManifest.xml:178:13-49
	android:configChanges
		ADDED from src\main\AndroidManifest.xml:177:13-74
	android:name
		ADDED from src\main\AndroidManifest.xml:176:19-71
activity#com.spshop.stylistpark.activity.common.SelectListActivity
ADDED from src\main\AndroidManifest.xml:180:9-182:52
	android:screenOrientation
		ADDED from src\main\AndroidManifest.xml:182:13-49
	android:configChanges
		ADDED from src\main\AndroidManifest.xml:181:13-74
	android:name
		ADDED from src\main\AndroidManifest.xml:180:19-69
activity#com.spshop.stylistpark.activity.common.ShowListActivity
ADDED from src\main\AndroidManifest.xml:184:9-186:52
	android:screenOrientation
		ADDED from src\main\AndroidManifest.xml:186:13-49
	android:configChanges
		ADDED from src\main\AndroidManifest.xml:185:13-74
	android:name
		ADDED from src\main\AndroidManifest.xml:184:19-67
activity#com.spshop.stylistpark.activity.common.ShowListHeadActivity
ADDED from src\main\AndroidManifest.xml:188:9-191:47
	android:screenOrientation
		ADDED from src\main\AndroidManifest.xml:190:13-49
	android:configChanges
		ADDED from src\main\AndroidManifest.xml:189:13-74
	android:name
		ADDED from src\main\AndroidManifest.xml:188:19-71
	android:launchMode
		ADDED from src\main\AndroidManifest.xml:191:13-44
activity#com.spshop.stylistpark.activity.common.ShowPhotoActivity
ADDED from src\main\AndroidManifest.xml:193:9-195:52
	android:screenOrientation
		ADDED from src\main\AndroidManifest.xml:195:13-49
	android:configChanges
		ADDED from src\main\AndroidManifest.xml:194:13-74
	android:name
		ADDED from src\main\AndroidManifest.xml:193:19-68
activity#com.spshop.stylistpark.activity.common.ViewPagerActivity
ADDED from src\main\AndroidManifest.xml:197:9-199:52
	android:screenOrientation
		ADDED from src\main\AndroidManifest.xml:199:13-49
	android:configChanges
		ADDED from src\main\AndroidManifest.xml:198:13-74
	android:name
		ADDED from src\main\AndroidManifest.xml:197:19-68
activity#com.spshop.stylistpark.activity.common.VideoActivity
ADDED from src\main\AndroidManifest.xml:201:9-203:52
	android:screenOrientation
		ADDED from src\main\AndroidManifest.xml:203:13-49
	android:configChanges
		ADDED from src\main\AndroidManifest.xml:202:13-74
	android:name
		ADDED from src\main\AndroidManifest.xml:201:19-64
activity#com.spshop.stylistpark.activity.common.MipcaActivityCapture
ADDED from src\main\AndroidManifest.xml:205:9-207:52
	android:screenOrientation
		ADDED from src\main\AndroidManifest.xml:207:13-49
	android:configChanges
		ADDED from src\main\AndroidManifest.xml:206:13-74
	android:name
		ADDED from src\main\AndroidManifest.xml:205:19-71
activity#com.spshop.stylistpark.activity.common.MyWebViewActivity
ADDED from src\main\AndroidManifest.xml:209:9-212:58
	android:windowSoftInputMode
		ADDED from src\main\AndroidManifest.xml:212:13-55
	android:screenOrientation
		ADDED from src\main\AndroidManifest.xml:211:13-49
	android:configChanges
		ADDED from src\main\AndroidManifest.xml:210:13-74
	android:name
		ADDED from src\main\AndroidManifest.xml:209:19-68
activity#com.spshop.stylistpark.activity.login.LoginActivity
ADDED from src\main\AndroidManifest.xml:214:9-217:47
	android:screenOrientation
		ADDED from src\main\AndroidManifest.xml:216:13-49
	android:configChanges
		ADDED from src\main\AndroidManifest.xml:215:13-74
	android:name
		ADDED from src\main\AndroidManifest.xml:214:19-63
	android:launchMode
		ADDED from src\main\AndroidManifest.xml:217:13-44
activity#com.spshop.stylistpark.activity.login.RegisterActivity
ADDED from src\main\AndroidManifest.xml:219:9-221:52
	android:screenOrientation
		ADDED from src\main\AndroidManifest.xml:221:13-49
	android:configChanges
		ADDED from src\main\AndroidManifest.xml:220:13-74
	android:name
		ADDED from src\main\AndroidManifest.xml:219:19-66
activity#com.spshop.stylistpark.activity.login.RegisterOauthActivity
ADDED from src\main\AndroidManifest.xml:223:9-225:52
	android:screenOrientation
		ADDED from src\main\AndroidManifest.xml:225:13-49
	android:configChanges
		ADDED from src\main\AndroidManifest.xml:224:13-74
	android:name
		ADDED from src\main\AndroidManifest.xml:223:19-71
activity#com.spshop.stylistpark.activity.login.ResetPasswordActivity
ADDED from src\main\AndroidManifest.xml:227:9-229:52
	android:screenOrientation
		ADDED from src\main\AndroidManifest.xml:229:13-49
	android:configChanges
		ADDED from src\main\AndroidManifest.xml:228:13-74
	android:name
		ADDED from src\main\AndroidManifest.xml:227:19-71
activity#com.spshop.stylistpark.activity.cart.CartActivity
ADDED from src\main\AndroidManifest.xml:231:9-234:47
	android:screenOrientation
		ADDED from src\main\AndroidManifest.xml:233:13-49
	android:configChanges
		ADDED from src\main\AndroidManifest.xml:232:13-74
	android:name
		ADDED from src\main\AndroidManifest.xml:231:19-61
	android:launchMode
		ADDED from src\main\AndroidManifest.xml:234:13-44
activity#com.spshop.stylistpark.activity.cart.PostOrderActivity
ADDED from src\main\AndroidManifest.xml:236:9-239:57
	android:windowSoftInputMode
		ADDED from src\main\AndroidManifest.xml:239:13-54
	android:screenOrientation
		ADDED from src\main\AndroidManifest.xml:238:13-49
	android:configChanges
		ADDED from src\main\AndroidManifest.xml:237:13-74
	android:name
		ADDED from src\main\AndroidManifest.xml:236:19-66
activity#com.spshop.stylistpark.activity.profile.CouponListActivity
ADDED from src\main\AndroidManifest.xml:241:9-243:52
	android:screenOrientation
		ADDED from src\main\AndroidManifest.xml:243:13-49
	android:configChanges
		ADDED from src\main\AndroidManifest.xml:242:13-74
	android:name
		ADDED from src\main\AndroidManifest.xml:241:19-70
activity#com.spshop.stylistpark.activity.profile.EditUserInfoActivity
ADDED from src\main\AndroidManifest.xml:245:9-248:58
	android:windowSoftInputMode
		ADDED from src\main\AndroidManifest.xml:248:13-55
	android:screenOrientation
		ADDED from src\main\AndroidManifest.xml:247:13-49
	android:configChanges
		ADDED from src\main\AndroidManifest.xml:246:13-74
	android:name
		ADDED from src\main\AndroidManifest.xml:245:19-72
activity#com.spshop.stylistpark.activity.profile.MemberListActivity
ADDED from src\main\AndroidManifest.xml:250:9-252:52
	android:screenOrientation
		ADDED from src\main\AndroidManifest.xml:252:13-49
	android:configChanges
		ADDED from src\main\AndroidManifest.xml:251:13-74
	android:name
		ADDED from src\main\AndroidManifest.xml:250:19-70
activity#com.spshop.stylistpark.activity.profile.MyAddressActivity
ADDED from src\main\AndroidManifest.xml:254:9-256:52
	android:screenOrientation
		ADDED from src\main\AndroidManifest.xml:256:13-49
	android:configChanges
		ADDED from src\main\AndroidManifest.xml:255:13-74
	android:name
		ADDED from src\main\AndroidManifest.xml:254:19-69
activity#com.spshop.stylistpark.activity.profile.AddCouponActivity
ADDED from src\main\AndroidManifest.xml:258:9-260:52
	android:screenOrientation
		ADDED from src\main\AndroidManifest.xml:260:13-49
	android:configChanges
		ADDED from src\main\AndroidManifest.xml:259:13-74
	android:name
		ADDED from src\main\AndroidManifest.xml:258:19-69
activity#com.spshop.stylistpark.activity.profile.AddressEditActivity
ADDED from src\main\AndroidManifest.xml:262:9-264:52
	android:screenOrientation
		ADDED from src\main\AndroidManifest.xml:264:13-49
	android:configChanges
		ADDED from src\main\AndroidManifest.xml:263:13-74
	android:name
		ADDED from src\main\AndroidManifest.xml:262:19-71
activity#com.spshop.stylistpark.activity.profile.OrderListActivity
ADDED from src\main\AndroidManifest.xml:266:9-269:47
	android:screenOrientation
		ADDED from src\main\AndroidManifest.xml:268:13-49
	android:configChanges
		ADDED from src\main\AndroidManifest.xml:267:13-74
	android:name
		ADDED from src\main\AndroidManifest.xml:266:19-69
	android:launchMode
		ADDED from src\main\AndroidManifest.xml:269:13-44
activity#com.spshop.stylistpark.activity.profile.OrderDetailActivity
ADDED from src\main\AndroidManifest.xml:271:9-273:52
	android:screenOrientation
		ADDED from src\main\AndroidManifest.xml:273:13-49
	android:configChanges
		ADDED from src\main\AndroidManifest.xml:272:13-74
	android:name
		ADDED from src\main\AndroidManifest.xml:271:19-71
activity#com.spshop.stylistpark.activity.profile.LogisticsActivity
ADDED from src\main\AndroidManifest.xml:275:9-277:52
	android:screenOrientation
		ADDED from src\main\AndroidManifest.xml:277:13-49
	android:configChanges
		ADDED from src\main\AndroidManifest.xml:276:13-74
	android:name
		ADDED from src\main\AndroidManifest.xml:275:19-69
activity#com.spshop.stylistpark.activity.profile.AccountBalanceActivity
ADDED from src\main\AndroidManifest.xml:279:9-281:52
	android:screenOrientation
		ADDED from src\main\AndroidManifest.xml:281:13-49
	android:configChanges
		ADDED from src\main\AndroidManifest.xml:280:13-74
	android:name
		ADDED from src\main\AndroidManifest.xml:279:19-74
activity#com.spshop.stylistpark.activity.profile.AuthenticationActivity
ADDED from src\main\AndroidManifest.xml:283:9-285:52
	android:screenOrientation
		ADDED from src\main\AndroidManifest.xml:285:13-49
	android:configChanges
		ADDED from src\main\AndroidManifest.xml:284:13-74
	android:name
		ADDED from src\main\AndroidManifest.xml:283:19-74
activity#com.spshop.stylistpark.activity.profile.PersonalActivity
ADDED from src\main\AndroidManifest.xml:287:9-289:52
	android:screenOrientation
		ADDED from src\main\AndroidManifest.xml:289:13-49
	android:configChanges
		ADDED from src\main\AndroidManifest.xml:288:13-74
	android:name
		ADDED from src\main\AndroidManifest.xml:287:19-68
activity#com.spshop.stylistpark.activity.profile.WithdrawalsActivity
ADDED from src\main\AndroidManifest.xml:291:9-293:52
	android:screenOrientation
		ADDED from src\main\AndroidManifest.xml:293:13-49
	android:configChanges
		ADDED from src\main\AndroidManifest.xml:292:13-74
	android:name
		ADDED from src\main\AndroidManifest.xml:291:19-71
activity#com.spshop.stylistpark.activity.profile.SettingActivity
ADDED from src\main\AndroidManifest.xml:295:9-298:47
	android:screenOrientation
		ADDED from src\main\AndroidManifest.xml:297:13-49
	android:configChanges
		ADDED from src\main\AndroidManifest.xml:296:13-74
	android:name
		ADDED from src\main\AndroidManifest.xml:295:19-67
	android:launchMode
		ADDED from src\main\AndroidManifest.xml:298:13-44
activity#com.spshop.stylistpark.activity.profile.LanguageCurrencyActivity
ADDED from src\main\AndroidManifest.xml:300:9-302:52
	android:screenOrientation
		ADDED from src\main\AndroidManifest.xml:302:13-49
	android:configChanges
		ADDED from src\main\AndroidManifest.xml:301:13-74
	android:name
		ADDED from src\main\AndroidManifest.xml:300:19-76
activity#com.spshop.stylistpark.activity.profile.FeedBackActivity
ADDED from src\main\AndroidManifest.xml:304:9-306:52
	android:screenOrientation
		ADDED from src\main\AndroidManifest.xml:306:13-49
	android:configChanges
		ADDED from src\main\AndroidManifest.xml:305:13-74
	android:name
		ADDED from src\main\AndroidManifest.xml:304:19-68
activity#com.spshop.stylistpark.wxapi.WXEntryActivity
ADDED from src\main\AndroidManifest.xml:308:9-310:39
	android:screenOrientation
		ADDED from src\main\AndroidManifest.xml:309:13-49
	android:exported
		ADDED from src\main\AndroidManifest.xml:310:13-36
	android:name
		ADDED from src\main\AndroidManifest.xml:308:19-56
activity#com.spshop.stylistpark.wxapi.WXPayEntryActivity
ADDED from src\main\AndroidManifest.xml:312:9-315:39
	android:screenOrientation
		ADDED from src\main\AndroidManifest.xml:313:13-49
	android:exported
		ADDED from src\main\AndroidManifest.xml:315:13-36
	android:name
		ADDED from src\main\AndroidManifest.xml:312:19-59
	android:launchMode
		ADDED from src\main\AndroidManifest.xml:314:13-43
uses-permission#android.permission.WRITE_SETTINGS
ADDED from [StylistPark:PushSDK:unspecified] AndroidManifest.xml:13:5-73
	android:name
		ADDED from [StylistPark:PushSDK:unspecified] AndroidManifest.xml:13:22-70
uses-permission#android.permission.WAKE_LOCK
ADDED from [StylistPark:PushSDK:unspecified] AndroidManifest.xml:18:5-68
	android:name
		ADDED from [StylistPark:PushSDK:unspecified] AndroidManifest.xml:18:22-65
uses-permission#android.permission.CHANGE_WIFI_STATE
ADDED from [StylistPark:PushSDK:unspecified] AndroidManifest.xml:21:5-76
	android:name
		ADDED from [StylistPark:PushSDK:unspecified] AndroidManifest.xml:21:22-73
uses-permission#android.permission.GET_TASKS
ADDED from [StylistPark:PushSDK:unspecified] AndroidManifest.xml:22:5-68
	android:name
		ADDED from [StylistPark:PushSDK:unspecified] AndroidManifest.xml:22:22-65
uses-permission#android.permission.RECEIVE_BOOT_COMPLETED
ADDED from [StylistPark:PushSDK:unspecified] AndroidManifest.xml:23:5-81
	android:name
		ADDED from [StylistPark:PushSDK:unspecified] AndroidManifest.xml:23:22-78
uses-permission#android.permission.ACCESS_COARSE_LOCATION
ADDED from [StylistPark:PushSDK:unspecified] AndroidManifest.xml:24:5-81
	android:name
		ADDED from [StylistPark:PushSDK:unspecified] AndroidManifest.xml:24:22-78
uses-permission#android.permission.BROADCAST_PACKAGE_ADDED
ADDED from [StylistPark:PushSDK:unspecified] AndroidManifest.xml:27:5-82
	android:name
		ADDED from [StylistPark:PushSDK:unspecified] AndroidManifest.xml:27:22-79
uses-permission#android.permission.BROADCAST_PACKAGE_CHANGED
ADDED from [StylistPark:PushSDK:unspecified] AndroidManifest.xml:28:5-84
	android:name
		ADDED from [StylistPark:PushSDK:unspecified] AndroidManifest.xml:28:22-81
uses-permission#android.permission.BROADCAST_PACKAGE_INSTALL
ADDED from [StylistPark:PushSDK:unspecified] AndroidManifest.xml:29:5-84
	android:name
		ADDED from [StylistPark:PushSDK:unspecified] AndroidManifest.xml:29:22-81
uses-permission#android.permission.BROADCAST_PACKAGE_REPLACED
ADDED from [StylistPark:PushSDK:unspecified] AndroidManifest.xml:30:5-85
	android:name
		ADDED from [StylistPark:PushSDK:unspecified] AndroidManifest.xml:30:22-82
uses-permission#android.permission.RESTART_PACKAGES
ADDED from [StylistPark:PushSDK:unspecified] AndroidManifest.xml:32:5-75
	android:name